*************************************
APRUN Launch 4 ranks over 4 nodes times 8
*************************************
[Rank:3] Processor : nid00010
[Rank:2] Processor : nid00010
[Rank:1] Processor : nid00010
[Rank:3] Processor : nid00004
[Rank:2] Processor : nid00004
[Rank:0] Processor : nid00004
[Rank:1] Processor : nid00004
[Rank:2] Processor : nid00003
[Rank:3] Processor : nid00003
[Rank:1] Processor : nid00003
[Rank:0] Processor : nid00003
[Rank:3] Processor : nid00006
[Rank:2] Processor : nid00006
[Rank:0] Processor : nid00006
[Rank:1] Processor : nid00006
[Rank:2] (null) COBALT_BLOCKNAME=3-4,6,10
[Rank:3] (null) COBALT_BLOCKNAME=3-4,6,10
[Rank:2] Sleeping for 30 seconds
[Rank:3] Sleeping for 30 seconds
[Rank:1] (null) COBALT_BLOCKNAME=3-4,6,10
[Rank:1] Sleeping for 30 seconds
[Rank:0] Processor : nid00010
[Rank:0] (null) COBALT_BLOCKNAME=3-4,6,10
[Rank:0] Sleeping for 30 seconds
[Rank:2] (null) COBALT_BLOCKNAME=3-4,6,10
[Rank:3] (null) COBALT_BLOCKNAME=3-4,6,10
[Rank:2] Sleeping for 30 seconds
[Rank:3] Sleeping for 30 seconds
[Rank:1] (null) COBALT_BLOCKNAME=3-4,6,10
[Rank:1] Sleeping for 30 seconds
[Rank:0] (null) COBALT_BLOCKNAME=3-4,6,10
[Rank:0] Sleeping for 30 seconds
[Rank:2] (null) COBALT_BLOCKNAME=3-4,6,10
[Rank:3] (null) COBALT_BLOCKNAME=3-4,6,10
[Rank:2] Sleeping for 30 seconds
[Rank:3] Sleeping for 30 seconds
[Rank:1] (null) COBALT_BLOCKNAME=3-4,6,10
[Rank:1] Sleeping for 30 seconds
[Rank:0] (null) COBALT_BLOCKNAME=3-4,6,10
[Rank:0] Sleeping for 30 seconds
[Rank:3] (null) COBALT_BLOCKNAME=3-4,6,10
[Rank:2] (null) COBALT_BLOCKNAME=3-4,6,10
[Rank:2] Sleeping for 30 seconds
[Rank:3] Sleeping for 30 seconds
[Rank:1] (null) COBALT_BLOCKNAME=3-4,6,10
[Rank:1] Sleeping for 30 seconds
[Rank:0] (null) COBALT_BLOCKNAME=3-4,6,10
[Rank:0] Sleeping for 30 seconds
[Rank:2] Done sleeping. MPI Finalize
[Rank:3] Done sleeping. MPI Finalize
[Rank:1] Done sleeping. MPI Finalize
[Rank:0] Done sleeping. MPI Finalize
[Rank:2] Done sleeping. MPI Finalize
[Rank:3] Done sleeping. MPI Finalize
[Rank:0] Done sleeping. MPI Finalize
[Rank:1] Done sleeping. MPI Finalize
[Rank:2] Done sleeping. MPI Finalize
[Rank:3] Done sleeping. MPI Finalize
[Rank:1] Done sleeping. MPI Finalize
[Rank:0] Done sleeping. MPI Finalize
[Rank:3] Done sleeping. MPI Finalize
[Rank:2] Done sleeping. MPI Finalize
[Rank:1] Done sleeping. MPI Finalize
[Rank:0] Done sleeping. MPI Finalize
Application 28355876 resources: utime ~0s, stime ~1s, Rss ~6896, inblocks ~0, outblocks ~8
Application 28355875 resources: utime ~0s, stime ~1s, Rss ~6900, inblocks ~0, outblocks ~8
Application 28355877 resources: utime ~0s, stime ~1s, Rss ~7012, inblocks ~0, outblocks ~8
Application 28355874 resources: utime ~0s, stime ~1s, Rss ~6904, inblocks ~0, outblocks ~8
[Rank:2] Processor : nid00003
[Rank:1] Processor : nid00003
[Rank:3] Processor : nid00003
[Rank:0] Processor : nid00003
[Rank:3] (null) COBALT_BLOCKNAME=3-4,6,10
[Rank:2] (null) COBALT_BLOCKNAME=3-4,6,10
[Rank:1] (null) COBALT_BLOCKNAME=3-4,6,10
[Rank:3] Sleeping for 30 seconds
[Rank:2] Sleeping for 30 seconds
[Rank:1] Sleeping for 30 seconds
[Rank:0] (null) COBALT_BLOCKNAME=3-4,6,10
[Rank:0] Sleeping for 30 seconds
[Rank:2] Processor : nid00006
[Rank:3] Processor : nid00006
[Rank:0] Processor : nid00006
[Rank:1] Processor : nid00006
[Rank:3] Processor : nid00004
[Rank:2] Processor : nid00004
[Rank:0] Processor : nid00004
[Rank:1] Processor : nid00004
[Rank:3] Processor : nid00010
[Rank:2] Processor : nid00010
[Rank:1] Processor : nid00010
[Rank:0] Processor : nid00010
[Rank:2] (null) COBALT_BLOCKNAME=3-4,6,10
[Rank:3] (null) COBALT_BLOCKNAME=3-4,6,10
[Rank:0] (null) COBALT_BLOCKNAME=3-4,6,10
[Rank:2] Sleeping for 30 seconds
[Rank:3] Sleeping for 30 seconds
[Rank:1] (null) COBALT_BLOCKNAME=3-4,6,10
[Rank:0] Sleeping for 30 seconds
[Rank:1] Sleeping for 30 seconds
[Rank:3] (null) COBALT_BLOCKNAME=3-4,6,10
[Rank:2] (null) COBALT_BLOCKNAME=3-4,6,10
[Rank:0] (null) COBALT_BLOCKNAME=3-4,6,10
[Rank:3] Sleeping for 30 seconds
[Rank:2] Sleeping for 30 seconds
[Rank:0] Sleeping for 30 seconds
[Rank:1] (null) COBALT_BLOCKNAME=3-4,6,10
[Rank:1] Sleeping for 30 seconds
[Rank:3] (null) COBALT_BLOCKNAME=3-4,6,10
[Rank:2] (null) COBALT_BLOCKNAME=3-4,6,10
[Rank:1] (null) COBALT_BLOCKNAME=3-4,6,10
[Rank:2] Sleeping for 30 seconds
[Rank:3] Sleeping for 30 seconds
[Rank:1] Sleeping for 30 seconds
[Rank:0] (null) COBALT_BLOCKNAME=3-4,6,10
[Rank:0] Sleeping for 30 seconds
[Rank:1] Done sleeping. MPI Finalize
[Rank:2] Done sleeping. MPI Finalize
[Rank:3] Done sleeping. MPI Finalize
[Rank:0] Done sleeping. MPI Finalize
[Rank:3] Done sleeping. MPI Finalize
[Rank:2] Done sleeping. MPI Finalize
[Rank:0] Done sleeping. MPI Finalize
[Rank:1] Done sleeping. MPI Finalize
[Rank:3] Done sleeping. MPI Finalize
[Rank:2] Done sleeping. MPI Finalize
[Rank:0] Done sleeping. MPI Finalize
[Rank:1] Done sleeping. MPI Finalize
[Rank:0] Done sleeping. MPI Finalize
[Rank:1] Done sleeping. MPI Finalize
[Rank:2] Done sleeping. MPI Finalize
[Rank:3] Done sleeping. MPI Finalize
Application 28355878 resources: utime ~0s, stime ~1s, Rss ~6904, inblocks ~0, outblocks ~8
Application 28355880 resources: utime ~0s, stime ~1s, Rss ~6896, inblocks ~0, outblocks ~8
Application 28355881 resources: utime ~0s, stime ~1s, Rss ~7020, inblocks ~0, outblocks ~8
Application 28355879 resources: utime ~0s, stime ~1s, Rss ~6900, inblocks ~0, outblocks ~8
*************************************
APRUN Launch 8 ranks on 4 nodes times 4
*************************************
[Rank:3] Processor : nid00006
[Rank:2] Processor : nid00006
[Rank:1] Processor : nid00006
[Rank:0] Processor : nid00006
[Rank:2] Processor : nid00003
[Rank:3] Processor : nid00003
[Rank:1] Processor : nid00003
[Rank:0] Processor : nid00003
[Rank:6] Processor : nid00010
[Rank:5] Processor : nid00010
[Rank:4] Processor : nid00010
[Rank:7] Processor : nid00010
[Rank:3] (null) COBALT_BLOCKNAME=3-4,6,10
[Rank:2] (null) COBALT_BLOCKNAME=3-4,6,10
[Rank:0] (null) COBALT_BLOCKNAME=3-4,6,10
[Rank:1] (null) COBALT_BLOCKNAME=3-4,6,10
[Rank:3] Sleeping for 30 seconds
[Rank:2] Sleeping for 30 seconds
[Rank:0] Sleeping for 30 seconds
[Rank:1] Sleeping for 30 seconds
[Rank:7] (null) COBALT_BLOCKNAME=3-4,6,10
[Rank:6] (null) COBALT_BLOCKNAME=3-4,6,10
[Rank:4] (null) COBALT_BLOCKNAME=3-4,6,10
[Rank:5] (null) COBALT_BLOCKNAME=3-4,6,10
[Rank:7] Sleeping for 30 seconds
[Rank:6] Sleeping for 30 seconds
[Rank:4] Sleeping for 30 seconds
[Rank:5] Sleeping for 30 seconds
[Rank:7] Processor : nid00004
[Rank:6] Processor : nid00004
[Rank:5] Processor : nid00004
[Rank:4] Processor : nid00004
[Rank:3] (null) COBALT_BLOCKNAME=3-4,6,10
[Rank:2] (null) COBALT_BLOCKNAME=3-4,6,10
[Rank:1] (null) COBALT_BLOCKNAME=3-4,6,10
[Rank:0] (null) COBALT_BLOCKNAME=3-4,6,10
[Rank:2] Sleeping for 30 seconds
[Rank:3] Sleeping for 30 seconds
[Rank:1] Sleeping for 30 seconds
[Rank:0] Sleeping for 30 seconds
[Rank:6] (null) COBALT_BLOCKNAME=3-4,6,10
[Rank:7] (null) COBALT_BLOCKNAME=3-4,6,10
[Rank:7] Sleeping for 30 seconds
[Rank:6] Sleeping for 30 seconds
[Rank:4] (null) COBALT_BLOCKNAME=3-4,6,10
[Rank:5] (null) COBALT_BLOCKNAME=3-4,6,10
[Rank:4] Sleeping for 30 seconds
[Rank:5] Sleeping for 30 seconds
[Rank:5] Done sleeping. MPI Finalize
[Rank:4] Done sleeping. MPI Finalize
[Rank:7] Done sleeping. MPI Finalize
[Rank:6] Done sleeping. MPI Finalize
[Rank:0] Done sleeping. MPI Finalize
[Rank:1] Done sleeping. MPI Finalize
[Rank:3] Done sleeping. MPI Finalize
[Rank:2] Done sleeping. MPI Finalize
[Rank:7] Done sleeping. MPI Finalize
[Rank:6] Done sleeping. MPI Finalize
[Rank:4] Done sleeping. MPI Finalize
[Rank:5] Done sleeping. MPI Finalize
[Rank:1] Done sleeping. MPI Finalize
[Rank:3] Done sleeping. MPI Finalize
[Rank:2] Done sleeping. MPI Finalize
[Rank:0] Done sleeping. MPI Finalize
Application 28355882 resources: utime ~5s, stime ~2s, Rss ~18780, inblocks ~0, outblocks ~8
Application 28355883 resources: utime ~5s, stime ~2s, Rss ~18744, inblocks ~0, outblocks ~8
[Rank:2] Processor : nid00006
[Rank:3] Processor : nid00006
[Rank:0] Processor : nid00006
[Rank:1] Processor : nid00006
[Rank:3] Processor : nid00003
[Rank:2] Processor : nid00003
[Rank:0] Processor : nid00003
[Rank:1] Processor : nid00003
[Rank:2] (null) COBALT_BLOCKNAME=3-4,6,10
[Rank:3] (null) COBALT_BLOCKNAME=3-4,6,10
[Rank:1] (null) COBALT_BLOCKNAME=3-4,6,10
[Rank:0] (null) COBALT_BLOCKNAME=3-4,6,10
[Rank:2] Sleeping for 30 seconds
[Rank:3] Sleeping for 30 seconds
[Rank:1] Sleeping for 30 seconds
[Rank:0] Sleeping for 30 seconds
[Rank:5] Processor : nid00010
[Rank:6] Processor : nid00010
[Rank:7] Processor : nid00010
[Rank:4] Processor : nid00010
[Rank:6] (null) COBALT_BLOCKNAME=3-4,6,10
[Rank:7] (null) COBALT_BLOCKNAME=3-4,6,10
[Rank:4] (null) COBALT_BLOCKNAME=3-4,6,10
[Rank:5] (null) COBALT_BLOCKNAME=3-4,6,10
[Rank:6] Sleeping for 30 seconds
[Rank:7] Sleeping for 30 seconds
[Rank:5] Sleeping for 30 seconds
[Rank:4] Sleeping for 30 seconds
[Rank:3] (null) COBALT_BLOCKNAME=3-4,6,10
[Rank:2] (null) COBALT_BLOCKNAME=3-4,6,10
[Rank:3] Sleeping for 30 seconds
[Rank:2] Sleeping for 30 seconds
[Rank:0] (null) COBALT_BLOCKNAME=3-4,6,10
[Rank:1] (null) COBALT_BLOCKNAME=3-4,6,10
[Rank:0] Sleeping for 30 seconds
[Rank:1] Sleeping for 30 seconds
[Rank:6] Processor : nid00004
[Rank:7] Processor : nid00004
[Rank:5] Processor : nid00004
[Rank:4] Processor : nid00004
[Rank:6] (null) COBALT_BLOCKNAME=3-4,6,10
[Rank:7] (null) COBALT_BLOCKNAME=3-4,6,10
[Rank:6] Sleeping for 30 seconds
[Rank:7] Sleeping for 30 seconds
[Rank:4] (null) COBALT_BLOCKNAME=3-4,6,10
[Rank:5] (null) COBALT_BLOCKNAME=3-4,6,10
[Rank:4] Sleeping for 30 seconds
[Rank:5] Sleeping for 30 seconds
[Rank:1] Done sleeping. MPI Finalize
[Rank:0] Done sleeping. MPI Finalize
[Rank:3] Done sleeping. MPI Finalize
[Rank:2] Done sleeping. MPI Finalize
[Rank:7] Done sleeping. MPI Finalize
[Rank:6] Done sleeping. MPI Finalize
[Rank:4] Done sleeping. MPI Finalize
[Rank:5] Done sleeping. MPI Finalize
[Rank:3] Done sleeping. MPI Finalize
[Rank:2] Done sleeping. MPI Finalize
[Rank:0] Done sleeping. MPI Finalize
[Rank:1] Done sleeping. MPI Finalize
[Rank:6] Done sleeping. MPI Finalize
[Rank:7] Done sleeping. MPI Finalize
[Rank:5] Done sleeping. MPI Finalize
[Rank:4] Done sleeping. MPI Finalize
Application 28355885 resources: utime ~0s, stime ~2s, Rss ~18784, inblocks ~0, outblocks ~8
Application 28355884 resources: utime ~1s, stime ~2s, Rss ~18712, inblocks ~0, outblocks ~8
